0 info it worked if it ends with ok
1 verbose cli [ 'C:\\Program Files\\nodejs\\node.exe',
1 verbose cli   'C:\\Program Files\\nodejs\\node_modules\\npm\\bin\\npm-cli.js',
1 verbose cli   'run',
1 verbose cli   'build' ]
2 info using npm@3.10.10
3 info using node@v6.11.1
4 verbose run-script [ 'prebuild', 'build', 'postbuild' ]
5 info lifecycle learning_angularjs@1.0.0~prebuild: learning_angularjs@1.0.0
6 silly lifecycle learning_angularjs@1.0.0~prebuild: no script for prebuild, continuing
7 info lifecycle learning_angularjs@1.0.0~build: learning_angularjs@1.0.0
8 verbose lifecycle learning_angularjs@1.0.0~build: unsafe-perm in lifecycle true
9 verbose lifecycle learning_angularjs@1.0.0~build: PATH: C:\Program Files\nodejs\node_modules\npm\bin\node-gyp-bin;E:\Projects\learning_angularjs\node_modules\.bin;C:\Program Files\Git\mingw64\bin;C:\Program Files\Git\usr\bin;C:\Users\Sujay Kundu\bin;C:\WINDOWS\system32;C:\WINDOWS;C:\WINDOWS\System32\Wbem;C:\WINDOWS\System32\WindowsPowerShell\v1.0;C:\Program Files (x86)\AMD\ATI.ACE\Core-Static;C:\Program Files (x86)\GtkSharp\2.12\bin;C:\Program Files\Microsoft SQL Server\130\Tools\Binn;C:\Program Files\Git\cmd;C:\Program Files\PuTTY;C:\Program Files\nodejs;C:\xampp\php;C:\ProgramData\ComposerSetup\bin;C:\Python27;C:\Python27\Scripts;C:\Program Files (x86)\Yarn\bin;C:\Ruby24-x64\bin;C:\Program Files (x86)\Microsoft VS Code\bin;C:\Users\Sujay Kundu\AppData\Local\Microsoft\WindowsApps;C:\Users\Sujay Kundu\AppData\Roaming\npm;C:\Users\Sujay Kundu\AppData\Roaming\Composer\vendor\bin;C:\Program Files\Heroku\bin;C:\Users\Sujay Kundu\AppData\Local\.meteor;C:\Users\Sujay Kundu\AppData\Local\Yarn\bin
10 verbose lifecycle learning_angularjs@1.0.0~build: CWD: E:\Projects\learning_angularjs
11 silly lifecycle learning_angularjs@1.0.0~build: Args: [ '/d /s /c', 'webpack' ]
12 silly lifecycle learning_angularjs@1.0.0~build: Returned: code: 2  signal: null
13 info lifecycle learning_angularjs@1.0.0~build: Failed to exec build script
14 verbose stack Error: learning_angularjs@1.0.0 build: `webpack`
14 verbose stack Exit status 2
14 verbose stack     at EventEmitter.<anonymous> (C:\Program Files\nodejs\node_modules\npm\lib\utils\lifecycle.js:255:16)
14 verbose stack     at emitTwo (events.js:106:13)
14 verbose stack     at EventEmitter.emit (events.js:191:7)
14 verbose stack     at ChildProcess.<anonymous> (C:\Program Files\nodejs\node_modules\npm\lib\utils\spawn.js:40:14)
14 verbose stack     at emitTwo (events.js:106:13)
14 verbose stack     at ChildProcess.emit (events.js:191:7)
14 verbose stack     at maybeClose (internal/child_process.js:891:16)
14 verbose stack     at Process.ChildProcess._handle.onexit (internal/child_process.js:226:5)
15 verbose pkgid learning_angularjs@1.0.0
16 verbose cwd E:\Projects\learning_angularjs
17 error Windows_NT 10.0.17025
18 error argv "C:\\Program Files\\nodejs\\node.exe" "C:\\Program Files\\nodejs\\node_modules\\npm\\bin\\npm-cli.js" "run" "build"
19 error node v6.11.1
20 error npm  v3.10.10
21 error code ELIFECYCLE
22 error learning_angularjs@1.0.0 build: `webpack`
22 error Exit status 2
23 error Failed at the learning_angularjs@1.0.0 build script 'webpack'.
23 error Make sure you have the latest version of node.js and npm installed.
23 error If you do, this is most likely a problem with the learning_angularjs package,
23 error not with npm itself.
23 error Tell the author that this fails on your system:
23 error     webpack
23 error You can get information on how to open an issue for this project with:
23 error     npm bugs learning_angularjs
23 error Or if that isn't available, you can get their info via:
23 error     npm owner ls learning_angularjs
23 error There is likely additional logging output above.
24 verbose exit [ 1, true ]
