Arguments: 
  C:\Program Files\nodejs\node.exe C:\Program Files (x86)\Yarn\bin\yarn.js add http-server

PATH: 
  C:\WINDOWS\system32;C:\WINDOWS;C:\WINDOWS\System32\Wbem;C:\WINDOWS\System32\WindowsPowerShell\v1.0\;C:\Program Files (x86)\AMD\ATI.ACE\Core-Static;C:\Program Files (x86)\GtkSharp\2.12\bin;C:\Program Files\Microsoft SQL Server\130\Tools\Binn\;C:\Program Files\Git\cmd;C:\Program Files\PuTTY\;C:\Program Files\nodejs\;C:\xampp\php;C:\ProgramData\ComposerSetup\bin;C:\Python27\;C:\Python27\Scripts\;C:\Program Files (x86)\Yarn\bin;C:\Ruby24-x64\bin;C:\Program Files (x86)\Microsoft VS Code\bin;C:\Users\Sujay Kundu\AppData\Local\Microsoft\WindowsApps;C:\Users\Sujay Kundu\AppData\Roaming\npm;C:\Users\Sujay Kundu\AppData\Roaming\Composer\vendor\bin;C:\Program Files\Heroku\bin;C:\Users\Sujay Kundu\AppData\Local\.meteor\;C:\Users\Sujay Kundu\AppData\Local\Yarn\bin

Yarn version: 
  1.3.2

Node version: 
  6.11.1

Platform: 
  win32 x64

npm manifest: 
  {
    "dependencies": {
      "angular": "1.5.8"
    }
  }

yarn manifest: 
  No manifest

Lockfile: 
  # THIS IS AN AUTOGENERATED FILE. DO NOT EDIT THIS FILE DIRECTLY.
  # yarn lockfile v1
  
  
  angular@1.5.8:
    version "1.5.8"
    resolved "https://registry.yarnpkg.com/angular/-/angular-1.5.8.tgz#925a5392b8c212d09572dc446db7e01264e094cb"

Trace: 
  Error: self signed certificate in certificate chain
      at Error (native)
      at TLSSocket.<anonymous> (_tls_wrap.js:1092:38)
      at emitNone (events.js:86:13)
      at TLSSocket.emit (events.js:185:7)
      at TLSSocket._finishInit (_tls_wrap.js:610:8)
      at TLSWrap.ssl.onhandshakedone (_tls_wrap.js:440:38)
